#
# There is insufficient memory for the Java Runtime Environment to continue.
# Native memory allocation (malloc) failed to allocate 959216 bytes for Chunk::new
# Possible reasons:
#   The system is out of physical RAM or swap space
#   The process is running with CompressedOops enabled, and the Java Heap may be blocking the growth of the native heap
# Possible solutions:
#   Reduce memory load on the system
#   Increase physical memory or swap space
#   Check if swap backing store is full
#   Decrease Java heap size (-Xmx/-Xms)
#   Decrease number of Java threads
#   Decrease Java thread stack sizes (-Xss)
#   Set larger code cache with -XX:ReservedCodeCacheSize=
#   JVM is running with Unscaled Compressed Oops mode in which the Java heap is
#     placed in the first 4GB address space. The Java Heap base address is the
#     maximum limit for the native heap growth. Please use -XX:HeapBaseMinAddress
#     to set the Java Heap base and to place the Java Heap above 4GB virtual address.
# This output file may be truncated or incomplete.
#
#  Out of Memory Error (./src/hotspot/share/memory/arena.cpp:197), pid=4088, tid=2400
#
# JRE version: OpenJDK Runtime Environment (11.0.10) (build 11.0.10+0-b96-7249189)
# Java VM: OpenJDK 64-Bit Server VM (11.0.10+0-b96-7249189, mixed mode, tiered, compressed oops, g1 gc, windows-amd64)
# No core dump will be written. Minidumps are not enabled by default on client versions of Windows
#

---------------  S U M M A R Y ------------

Command Line: org.jetbrains.kotlin.cli.jvm.K2JVMCompiler @C:\Programming\Skillbox\Android\android_dev_1_2022\m2_layout\app\build\20220808_9272553096225040203.compiler.options

Host: Intel(R) Core(TM) i7-10510U CPU @ 1.80GHz, 8 cores, 7G,  Windows 10 , 64 bit Build 18362 (10.0.18362.329)
Time: Mon Aug  8 23:13:12 2022 RTZ 2 (ceia) elapsed time: 7.108628 seconds (0d 0h 0m 7s)

---------------  T H R E A D  ---------------

Current thread (0x00000205fe86e000):  JavaThread "C2 CompilerThread0" daemon [_thread_in_native, id=2400, stack(0x0000003a4e800000,0x0000003a4e900000)]


Current CompileTask:
C2:   7108 6786       4       org.jetbrains.kotlin.types.TypeUtils::contains (336 bytes)

Stack: [0x0000003a4e800000,0x0000003a4e900000]
Native frames: (J=compiled Java code, j=interpreted, Vv=VM code, C=native code)
V  [jvm.dll+0x5ecfaa]
V  [jvm.dll+0x722bd5]
V  [jvm.dll+0x72412d]
V  [jvm.dll+0x7247e3]
V  [jvm.dll+0x242928]
V  [jvm.dll+0xbc4fc]
V  [jvm.dll+0xbca0c]
V  [jvm.dll+0x352d7d]
V  [jvm.dll+0x320ad3]
V  [jvm.dll+0x31ffca]
V  [jvm.dll+0x1fb602]
V  [jvm.dll+0x1fa7f4]
V  [jvm.dll+0x18354c]
V  [jvm.dll+0x208ee7]
V  [jvm.dll+0x207731]
V  [jvm.dll+0x6eb1cf]
V  [jvm.dll+0x6e3d45]
V  [jvm.dll+0x5ebe96]
C  [ucrtbase.dll+0x20e72]
C  [KERNEL32.DLL+0x17bd4]
C  [ntdll.dll+0x6ced1]


---------------  P R O C E S S  ---------------

Threads class SMR info:
_java_thread_list=0x00000205ffce1080, length=11, elements={
0x00000205e454b000, 0x00000205fe848800, 0x00000205fe84b800, 0x00000205fe865800,
0x00000205fe867000, 0x00000205fe868000, 0x00000205fe86e000, 0x00000205ff1be800,
0x00000205ff1c1800, 0x00000205ff323800, 0x00000205ff372800
}

Java Threads: ( => current thread )
  0x00000205e454b000 JavaThread "main" [_thread_in_Java, id=11804, stack(0x0000003a4dc00000,0x0000003a4dd00000)]
  0x00000205fe848800 JavaThread "Reference Handler" daemon [_thread_blocked, id=2308, stack(0x0000003a4e300000,0x0000003a4e400000)]
  0x00000205fe84b800 JavaThread "Finalizer" daemon [_thread_blocked, id=1804, stack(0x0000003a4e400000,0x0000003a4e500000)]
  0x00000205fe865800 JavaThread "Signal Dispatcher" daemon [_thread_blocked, id=1028, stack(0x0000003a4e500000,0x0000003a4e600000)]
  0x00000205fe867000 JavaThread "Attach Listener" daemon [_thread_blocked, id=6876, stack(0x0000003a4e600000,0x0000003a4e700000)]
  0x00000205fe868000 JavaThread "Service Thread" daemon [_thread_blocked, id=1996, stack(0x0000003a4e700000,0x0000003a4e800000)]
=>0x00000205fe86e000 JavaThread "C2 CompilerThread0" daemon [_thread_in_native, id=2400, stack(0x0000003a4e800000,0x0000003a4e900000)]
  0x00000205ff1be800 JavaThread "C1 CompilerThread0" daemon [_thread_in_native, id=3464, stack(0x0000003a4e900000,0x0000003a4ea00000)]
  0x00000205ff1c1800 JavaThread "Sweeper thread" daemon [_thread_blocked, id=7520, stack(0x0000003a4ea00000,0x0000003a4eb00000)]
  0x00000205ff323800 JavaThread "Common-Cleaner" daemon [_thread_blocked, id=11036, stack(0x0000003a4ec00000,0x0000003a4ed00000)]
  0x00000205ff372800 JavaThread "C2 CompilerThread1" daemon [_thread_in_native, id=7500, stack(0x0000003a4ed00000,0x0000003a4ee00000)]

Other Threads:
  0x00000205fe845800 VMThread "VM Thread" [stack: 0x0000003a4e200000,0x0000003a4e300000] [id=7256]
  0x00000205ff31d800 WatcherThread [stack: 0x0000003a4eb00000,0x0000003a4ec00000] [id=3084]
  0x00000205e4562800 GCTaskThread "GC Thread#0" [stack: 0x0000003a4dd00000,0x0000003a4de00000] [id=12120]
  0x00000205ff8c8800 GCTaskThread "GC Thread#1" [stack: 0x0000003a4ef00000,0x0000003a4f000000] [id=10064]
  0x00000205ff8cd800 GCTaskThread "GC Thread#2" [stack: 0x0000003a4f000000,0x0000003a4f100000] [id=6908]
  0x0000020584827000 GCTaskThread "GC Thread#3" [stack: 0x0000003a4f200000,0x0000003a4f300000] [id=13228]
  0x00000205e4594000 ConcurrentGCThread "G1 Main Marker" [stack: 0x0000003a4de00000,0x0000003a4df00000] [id=10568]
  0x00000205e4596800 ConcurrentGCThread "G1 Conc#0" [stack: 0x0000003a4df00000,0x0000003a4e000000] [id=796]
  0x00000205ffa34800 ConcurrentGCThread "G1 Conc#1" [stack: 0x0000003a4ee00000,0x0000003a4ef00000] [id=12564]
  0x00000205fe690800 ConcurrentGCThread "G1 Refine#0" [stack: 0x0000003a4e000000,0x0000003a4e100000] [id=12104]
  0x00000205ffd63800 ConcurrentGCThread "G1 Refine#1" [stack: 0x0000003a4f100000,0x0000003a4f200000] [id=13252]
  0x00000205fe691800 ConcurrentGCThread "G1 Young RemSet Sampling" [stack: 0x0000003a4e100000,0x0000003a4e200000] [id=14004]

Threads with active compile tasks:
C2 CompilerThread0   7125 6786       4       org.jetbrains.kotlin.types.TypeUtils::contains (336 bytes)
C1 CompilerThread0   7125 6886       3       org.jetbrains.kotlin.builtins.KotlinBuiltIns::classFqNameEquals (51 bytes)
C2 CompilerThread1   7125 6856       4       org.jetbrains.kotlin.backend.common.serialization.mangle.descriptor.DescriptorMangleComputer::mangleType (553 bytes)

VM state:not at safepoint (normal execution)

VM Mutex/Monitor currently owned by a thread: None

Heap address: 0x0000000082800000, size: 2008 MB, Compressed Oops mode: 32-bit
Narrow klass base: 0x0000000000000000, Narrow klass shift: 3
Compressed class space size: 1073741824 Address: 0x0000000100000000

Heap:
 garbage-first heap   total 174080K, used 107849K [0x0000000082800000, 0x0000000100000000)
  region size 1024K, 75 young (76800K), 9 survivors (9216K)
 Metaspace       used 69360K, capacity 70087K, committed 70224K, reserved 1112064K
  class space    used 8021K, capacity 8334K, committed 8448K, reserved 1048576K
Heap Regions: E=young(eden), S=young(survivor), O=old, HS=humongous(starts), HC=humongous(continues), CS=collection set, F=free, A=archive, TAMS=top-at-mark-start (previous, next)
|   0|0x0000000082800000, 0x0000000082900000, 0x0000000082900000|100%|HS|  |TAMS 0x0000000082900000, 0x0000000082800000| Complete 
|   1|0x0000000082900000, 0x0000000082a00000, 0x0000000082a00000|100%|HC|  |TAMS 0x0000000082a00000, 0x0000000082900000| Complete 
|   2|0x0000000082a00000, 0x0000000082b00000, 0x0000000082b00000|100%|HC|  |TAMS 0x0000000082b00000, 0x0000000082a00000| Complete 
|   3|0x0000000082b00000, 0x0000000082c00000, 0x0000000082c00000|100%|HS|  |TAMS 0x0000000082c00000, 0x0000000082b00000| Complete 
|   4|0x0000000082c00000, 0x0000000082d00000, 0x0000000082d00000|100%|HC|  |TAMS 0x0000000082d00000, 0x0000000082c00000| Complete 
|   5|0x0000000082d00000, 0x0000000082e00000, 0x0000000082e00000|100%|HC|  |TAMS 0x0000000082e00000, 0x0000000082d00000| Complete 
|   6|0x0000000082e00000, 0x0000000082f00000, 0x0000000082f00000|100%|HS|  |TAMS 0x0000000082f00000, 0x0000000082e00000| Complete 
|   7|0x0000000082f00000, 0x0000000083000000, 0x0000000083000000|100%|HC|  |TAMS 0x0000000083000000, 0x0000000082f00000| Complete 
|   8|0x0000000083000000, 0x0000000083100000, 0x0000000083100000|100%| O|  |TAMS 0x0000000083100000, 0x0000000083000000| Untracked 
|   9|0x0000000083100000, 0x0000000083200000, 0x0000000083200000|100%| O|  |TAMS 0x0000000083200000, 0x0000000083100000| Untracked 
|  10|0x0000000083200000, 0x0000000083300000, 0x0000000083300000|100%| O|  |TAMS 0x0000000083300000, 0x0000000083200000| Untracked 
|  11|0x0000000083300000, 0x0000000083400000, 0x0000000083400000|100%| O|  |TAMS 0x0000000083400000, 0x0000000083300000| Untracked 
|  12|0x0000000083400000, 0x0000000083500000, 0x0000000083500000|100%| O|  |TAMS 0x0000000083500000, 0x0000000083400000| Untracked 
|  13|0x0000000083500000, 0x0000000083600000, 0x0000000083600000|100%| O|  |TAMS 0x0000000083600000, 0x0000000083500000| Untracked 
|  14|0x0000000083600000, 0x0000000083700000, 0x0000000083700000|100%| O|  |TAMS 0x0000000083700000, 0x0000000083600000| Untracked 
|  15|0x0000000083700000, 0x0000000083800000, 0x0000000083800000|100%| O|  |TAMS 0x0000000083800000, 0x0000000083700000| Untracked 
|  16|0x0000000083800000, 0x0000000083900000, 0x0000000083900000|100%| O|  |TAMS 0x0000000083900000, 0x0000000083800000| Untracked 
|  17|0x0000000083900000, 0x0000000083a00000, 0x0000000083a00000|100%| O|  |TAMS 0x0000000083a00000, 0x0000000083900000| Untracked 
|  18|0x0000000083a00000, 0x0000000083b00000, 0x0000000083b00000|100%| O|  |TAMS 0x0000000083b00000, 0x0000000083a00000| Untracked 
|  19|0x0000000083b00000, 0x0000000083c00000, 0x0000000083c00000|100%| O|  |TAMS 0x0000000083baf200, 0x0000000083b00000| Untracked 
|  20|0x0000000083c00000, 0x0000000083d00000, 0x0000000083d00000|100%| O|  |TAMS 0x0000000083c00000, 0x0000000083c00000| Untracked 
|  21|0x0000000083d00000, 0x0000000083e00000, 0x0000000083e00000|100%| O|  |TAMS 0x0000000083d00000, 0x0000000083d00000| Untracked 
|  22|0x0000000083e00000, 0x0000000083f00000, 0x0000000083f00000|100%| O|  |TAMS 0x0000000083e00000, 0x0000000083e00000| Untracked 
|  23|0x0000000083f00000, 0x0000000084000000, 0x0000000084000000|100%| O|  |TAMS 0x0000000083f00000, 0x0000000083f00000| Untracked 
|  24|0x0000000084000000, 0x0000000084100000, 0x0000000084100000|100%| O|  |TAMS 0x0000000084000000, 0x0000000084000000| Untracked 
|  25|0x0000000084100000, 0x0000000084200000, 0x0000000084200000|100%| O|  |TAMS 0x0000000084100000, 0x0000000084100000| Untracked 
|  26|0x0000000084200000, 0x0000000084300000, 0x0000000084300000|100%| O|  |TAMS 0x0000000084200000, 0x0000000084200000| Untracked 
|  27|0x0000000084300000, 0x0000000084400000, 0x0000000084400000|100%| O|  |TAMS 0x0000000084300000, 0x0000000084300000| Untracked 
|  28|0x0000000084400000, 0x0000000084500000, 0x0000000084500000|100%| O|  |TAMS 0x0000000084400000, 0x0000000084400000| Untracked 
|  29|0x0000000084500000, 0x0000000084600000, 0x0000000084600000|100%| O|  |TAMS 0x0000000084500000, 0x0000000084500000| Untracked 
|  30|0x0000000084600000, 0x0000000084700000, 0x0000000084700000|100%| O|  |TAMS 0x0000000084600000, 0x0000000084600000| Untracked 
|  31|0x0000000084700000, 0x0000000084752600, 0x0000000084800000| 32%| O|  |TAMS 0x0000000084700000, 0x0000000084700000| Untracked 
|  32|0x0000000084800000, 0x0000000084800000, 0x0000000084900000|  0%| F|  |TAMS 0x0000000084800000, 0x0000000084800000| Untracked 
|  33|0x0000000084900000, 0x0000000084900000, 0x0000000084a00000|  0%| F|  |TAMS 0x0000000084900000, 0x0000000084900000| Untracked 
|  34|0x0000000084a00000, 0x0000000084a00000, 0x0000000084b00000|  0%| F|  |TAMS 0x0000000084a00000, 0x0000000084a00000| Untracked 
|  35|0x0000000084b00000, 0x0000000084b00000, 0x0000000084c00000|  0%| F|  |TAMS 0x0000000084b00000, 0x0000000084b00000| Untracked 
|  36|0x0000000084c00000, 0x0000000084c00000, 0x0000000084d00000|  0%| F|  |TAMS 0x0000000084c00000, 0x0000000084c00000| Untracked 
|  37|0x0000000084d00000, 0x0000000084d00000, 0x0000000084e00000|  0%| F|  |TAMS 0x0000000084d00000, 0x0000000084d00000| Untracked 
|  38|0x0000000084e00000, 0x0000000084e00000, 0x0000000084f00000|  0%| F|  |TAMS 0x0000000084e00000, 0x0000000084e00000| Untracked 
|  39|0x0000000084f00000, 0x0000000084f00000, 0x0000000085000000|  0%| F|  |TAMS 0x0000000084f00000, 0x0000000084f00000| Untracked 
|  40|0x0000000085000000, 0x0000000085000000, 0x0000000085100000|  0%| F|  |TAMS 0x0000000085000000, 0x0000000085000000| Untracked 
|  41|0x0000000085100000, 0x0000000085100000, 0x0000000085200000|  0%| F|  |TAMS 0x0000000085100000, 0x0000000085100000| Untracked 
|  42|0x0000000085200000, 0x0000000085200000, 0x0000000085300000|  0%| F|  |TAMS 0x0000000085200000, 0x0000000085200000| Untracked 
|  43|0x0000000085300000, 0x0000000085300000, 0x0000000085400000|  0%| F|  |TAMS 0x0000000085300000, 0x0000000085300000| Untracked 
|  44|0x0000000085400000, 0x0000000085400000, 0x0000000085500000|  0%| F|  |TAMS 0x0000000085400000, 0x0000000085400000| Untracked 
|  45|0x0000000085500000, 0x0000000085500000, 0x0000000085600000|  0%| F|  |TAMS 0x0000000085500000, 0x0000000085500000| Untracked 
|  46|0x0000000085600000, 0x0000000085600000, 0x0000000085700000|  0%| F|  |TAMS 0x0000000085600000, 0x0000000085600000| Untracked 
|  47|0x0000000085700000, 0x0000000085700000, 0x0000000085800000|  0%| F|  |TAMS 0x0000000085700000, 0x0000000085700000| Untracked 
|  48|0x0000000085800000, 0x0000000085800000, 0x0000000085900000|  0%| F|  |TAMS 0x0000000085800000, 0x0000000085800000| Untracked 
|  49|0x0000000085900000, 0x0000000085900000, 0x0000000085a00000|  0%| F|  |TAMS 0x0000000085900000, 0x0000000085900000| Untracked 
|  50|0x0000000085a00000, 0x0000000085a00000, 0x0000000085b00000|  0%| F|  |TAMS 0x0000000085a00000, 0x0000000085a00000| Untracked 
|  51|0x0000000085b00000, 0x0000000085b00000, 0x0000000085c00000|  0%| F|  |TAMS 0x0000000085b00000, 0x0000000085b00000| Untracked 
|  52|0x0000000085c00000, 0x0000000085c00000, 0x0000000085d00000|  0%| F|  |TAMS 0x0000000085c00000, 0x0000000085c00000| Untracked 
|  53|0x0000000085d00000, 0x0000000085d00000, 0x0000000085e00000|  0%| F|  |TAMS 0x0000000085d00000, 0x0000000085d00000| Untracked 
|  54|0x0000000085e00000, 0x0000000085e00000, 0x0000000085f00000|  0%| F|  |TAMS 0x0000000085e00000, 0x0000000085e00000| Untracked 
|  55|0x0000000085f00000, 0x0000000085f00000, 0x0000000086000000|  0%| F|  |TAMS 0x0000000085f00000, 0x0000000085f00000| Untracked 
|  56|0x0000000086000000, 0x0000000086000000, 0x0000000086100000|  0%| F|  |TAMS 0x0000000086000000, 0x0000000086000000| Untracked 
|  57|0x0000000086100000, 0x0000000086100000, 0x0000000086200000|  0%| F|  |TAMS 0x0000000086100000, 0x0000000086100000| Untracked 
|  58|0x0000000086200000, 0x0000000086200000, 0x0000000086300000|  0%| F|  |TAMS 0x0000000086200000, 0x0000000086200000| Untracked 
|  59|0x0000000086300000, 0x0000000086300000, 0x0000000086400000|  0%| F|  |TAMS 0x0000000086300000, 0x0000000086300000| Untracked 
|  60|0x0000000086400000, 0x0000000086400000, 0x0000000086500000|  0%| F|  |TAMS 0x0000000086400000, 0x0000000086400000| Untracked 
|  61|0x0000000086500000, 0x0000000086500000, 0x0000000086600000|  0%| F|  |TAMS 0x0000000086500000, 0x0000000086500000| Untracked 
|  62|0x0000000086600000, 0x0000000086600000, 0x0000000086700000|  0%| F|  |TAMS 0x0000000086600000, 0x0000000086600000| Untracked 
|  63|0x0000000086700000, 0x0000000086700000, 0x0000000086800000|  0%| F|  |TAMS 0x0000000086700000, 0x0000000086700000| Untracked 
|  64|0x0000000086800000, 0x0000000086800000, 0x0000000086900000|  0%| F|  |TAMS 0x0000000086800000, 0x0000000086800000| Untracked 
|  65|0x0000000086900000, 0x0000000086900000, 0x0000000086a00000|  0%| F|  |TAMS 0x0000000086900000, 0x0000000086900000| Untracked 
|  66|0x0000000086a00000, 0x0000000086a00000, 0x0000000086b00000|  0%| F|  |TAMS 0x0000000086a00000, 0x0000000086a00000| Untracked 
|  67|0x0000000086b00000, 0x0000000086b00000, 0x0000000086c00000|  0%| F|  |TAMS 0x0000000086b00000, 0x0000000086b00000| Untracked 
|  68|0x0000000086c00000, 0x0000000086c00000, 0x0000000086d00000|  0%| F|  |TAMS 0x0000000086c00000, 0x0000000086c00000| Untracked 
|  69|0x0000000086d00000, 0x0000000086d00000, 0x0000000086e00000|  0%| F|  |TAMS 0x0000000086d00000, 0x0000000086d00000| Untracked 
|  70|0x0000000086e00000, 0x0000000086e00000, 0x0000000086f00000|  0%| F|  |TAMS 0x0000000086e00000, 0x0000000086e00000| Untracked 
|  71|0x0000000086f00000, 0x0000000086f00000, 0x0000000087000000|  0%| F|  |TAMS 0x0000000086f00000, 0x0000000086f00000| Untracked 
|  72|0x0000000087000000, 0x0000000087000000, 0x0000000087100000|  0%| F|  |TAMS 0x0000000087000000, 0x0000000087000000| Untracked 
|  73|0x0000000087100000, 0x0000000087100000, 0x0000000087200000|  0%| F|  |TAMS 0x0000000087100000, 0x0000000087100000| Untracked 
|  74|0x0000000087200000, 0x0000000087200000, 0x0000000087300000|  0%| F|  |TAMS 0x0000000087200000, 0x0000000087200000| Untracked 
|  75|0x0000000087300000, 0x0000000087300000, 0x0000000087400000|  0%| F|  |TAMS 0x0000000087300000, 0x0000000087300000| Untracked 
|  76|0x0000000087400000, 0x0000000087400000, 0x0000000087500000|  0%| F|  |TAMS 0x0000000087400000, 0x0000000087400000| Untracked 
|  77|0x0000000087500000, 0x0000000087600000, 0x0000000087600000|100%| S|CS|TAMS 0x0000000087500000, 0x0000000087500000| Complete 
|  78|0x0000000087600000, 0x0000000087700000, 0x0000000087700000|100%| S|CS|TAMS 0x0000000087600000, 0x0000000087600000| Complete 
|  79|0x0000000087700000, 0x0000000087800000, 0x0000000087800000|100%| S|CS|TAMS 0x0000000087700000, 0x0000000087700000| Complete 
|  80|0x0000000087800000, 0x0000000087900000, 0x0000000087900000|100%| S|CS|TAMS 0x0000000087800000, 0x0000000087800000| Complete 
|  81|0x0000000087900000, 0x0000000087a00000, 0x0000000087a00000|100%| S|CS|TAMS 0x0000000087900000, 0x0000000087900000| Complete 
|  82|0x0000000087a00000, 0x0000000087b00000, 0x0000000087b00000|100%| S|CS|TAMS 0x0000000087a00000, 0x0000000087a00000| Complete 
|  83|0x0000000087b00000, 0x0000000087c00000, 0x0000000087c00000|100%| S|CS|TAMS 0x0000000087b00000, 0x0000000087b00000| Complete 
|  84|0x0000000087c00000, 0x0000000087d00000, 0x0000000087d00000|100%| S|CS|TAMS 0x0000000087c00000, 0x0000000087c00000| Complete 
|  85|0x0000000087d00000, 0x0000000087e00000, 0x0000000087e00000|100%| S|CS|TAMS 0x0000000087d00000, 0x0000000087d00000| Complete 
|  86|0x0000000087e00000, 0x0000000087e00000, 0x0000000087f00000|  0%| F|  |TAMS 0x0000000087e00000, 0x0000000087e00000| Untracked 
|  87|0x0000000087f00000, 0x0000000087f00000, 0x0000000088000000|  0%| F|  |TAMS 0x0000000087f00000, 0x0000000087f00000| Untracked 
|  88|0x0000000088000000, 0x0000000088000000, 0x0000000088100000|  0%| F|  |TAMS 0x0000000088000000, 0x0000000088000000| Untracked 
|  89|0x0000000088100000, 0x0000000088100000, 0x0000000088200000|  0%| F|  |TAMS 0x0000000088100000, 0x0000000088100000| Untracked 
|  90|0x0000000088200000, 0x0000000088200000, 0x0000000088300000|  0%| F|  |TAMS 0x0000000088200000, 0x0000000088200000| Untracked 
|  91|0x0000000088300000, 0x0000000088300000, 0x0000000088400000|  0%| F|  |TAMS 0x0000000088300000, 0x0000000088300000| Untracked 
|  92|0x0000000088400000, 0x0000000088400000, 0x0000000088500000|  0%| F|  |TAMS 0x0000000088400000, 0x0000000088400000| Untracked 
|  93|0x0000000088500000, 0x0000000088500000, 0x0000000088600000|  0%| F|  |TAMS 0x0000000088500000, 0x0000000088500000| Untracked 
|  94|0x0000000088600000, 0x0000000088600000, 0x0000000088700000|  0%| F|  |TAMS 0x0000000088600000, 0x0000000088600000| Untracked 
|  95|0x0000000088700000, 0x0000000088700000, 0x0000000088800000|  0%| F|  |TAMS 0x0000000088700000, 0x0000000088700000| Untracked 
|  96|0x0000000088800000, 0x0000000088800000, 0x0000000088900000|  0%| F|  |TAMS 0x0000000088800000, 0x0000000088800000| Untracked 
|  97|0x0000000088900000, 0x0000000088900000, 0x0000000088a00000|  0%| F|  |TAMS 0x0000000088900000, 0x0000000088900000| Untracked 
|  98|0x0000000088a00000, 0x0000000088a00000, 0x0000000088b00000|  0%| F|  |TAMS 0x0000000088a00000, 0x0000000088a00000| Untracked 
|  99|0x0000000088b00000, 0x0000000088b00000, 0x0000000088c00000|  0%| F|  |TAMS 0x0000000088b00000, 0x0000000088b00000| Untracked 
| 100|0x0000000088c00000, 0x0000000088c00000, 0x0000000088d00000|  0%| F|  |TAMS 0x0000000088c00000, 0x0000000088c00000| Untracked 
| 101|0x0000000088d00000, 0x0000000088d00000, 0x0000000088e00000|  0%| F|  |TAMS 0x0000000088d00000, 0x0000000088d00000| Untracked 
| 102|0x0000000088e00000, 0x0000000088e00000, 0x0000000088f00000|  0%| F|  |TAMS 0x0000000088e00000, 0x0000000088e00000| Untracked 
| 103|0x0000000088f00000, 0x0000000088f00000, 0x0000000089000000|  0%| F|  |TAMS 0x0000000088f00000, 0x0000000088f00000| Untracked 
| 104|0x0000000089000000, 0x0000000089100000, 0x0000000089100000|100%| E|  |TAMS 0x0000000089000000, 0x0000000089000000| Complete 
| 105|0x0000000089100000, 0x0000000089200000, 0x0000000089200000|100%| E|CS|TAMS 0x0000000089100000, 0x0000000089100000| Complete 
| 106|0x0000000089200000, 0x0000000089300000, 0x0000000089300000|100%| E|CS|TAMS 0x0000000089200000, 0x0000000089200000| Complete 
| 107|0x0000000089300000, 0x0000000089400000, 0x0000000089400000|100%| E|CS|TAMS 0x0000000089300000, 0x0000000089300000| Complete 
| 108|0x0000000089400000, 0x0000000089500000, 0x0000000089500000|100%| E|CS|TAMS 0x0000000089400000, 0x0000000089400000| Complete 
| 109|0x0000000089500000, 0x0000000089600000, 0x0000000089600000|100%| E|CS|TAMS 0x0000000089500000, 0x0000000089500000| Complete 
| 110|0x0000000089600000, 0x0000000089700000, 0x0000000089700000|100%| E|CS|TAMS 0x0000000089600000, 0x0000000089600000| Complete 
| 111|0x0000000089700000, 0x0000000089800000, 0x0000000089800000|100%| E|CS|TAMS 0x0000000089700000, 0x0000000089700000| Complete 
| 112|0x0000000089800000, 0x0000000089900000, 0x0000000089900000|100%| E|CS|TAMS 0x0000000089800000, 0x0000000089800000| Complete 
| 113|0x0000000089900000, 0x0000000089a00000, 0x0000000089a00000|100%| E|CS|TAMS 0x0000000089900000, 0x0000000089900000| Complete 
| 114|0x0000000089a00000, 0x0000000089b00000, 0x0000000089b00000|100%| E|CS|TAMS 0x0000000089a00000, 0x0000000089a00000| Complete 
| 115|0x0000000089b00000, 0x0000000089c00000, 0x0000000089c00000|100%| E|CS|TAMS 0x0000000089b00000, 0x0000000089b00000| Complete 
| 116|0x0000000089c00000, 0x0000000089d00000, 0x0000000089d00000|100%| E|CS|TAMS 0x0000000089c00000, 0x0000000089c00000| Complete 
| 117|0x0000000089d00000, 0x0000000089e00000, 0x0000000089e00000|100%| E|CS|TAMS 0x0000000089d00000, 0x0000000089d00000| Complete 
| 118|0x0000000089e00000, 0x0000000089f00000, 0x0000000089f00000|100%| E|CS|TAMS 0x0000000089e00000, 0x0000000089e00000| Complete 
| 119|0x0000000089f00000, 0x000000008a000000, 0x000000008a000000|100%| E|CS|TAMS 0x0000000089f00000, 0x0000000089f00000| Complete 
| 120|0x000000008a000000, 0x000000008a100000, 0x000000008a100000|100%| E|CS|TAMS 0x000000008a000000, 0x000000008a000000| Complete 
| 121|0x000000008a100000, 0x000000008a200000, 0x000000008a200000|100%| E|CS|TAMS 0x000000008a100000, 0x000000008a100000| Complete 
| 122|0x000000008a200000, 0x000000008a300000, 0x000000008a300000|100%| E|CS|TAMS 0x000000008a200000, 0x000000008a200000| Complete 
| 123|0x000000008a300000, 0x000000008a400000, 0x000000008a400000|100%| E|CS|TAMS 0x000000008a300000, 0x000000008a300000| Complete 
| 124|0x000000008a400000, 0x000000008a500000, 0x000000008a500000|100%| E|CS|TAMS 0x000000008a400000, 0x000000008a400000| Complete 
| 125|0x000000008a500000, 0x000000008a600000, 0x000000008a600000|100%| E|CS|TAMS 0x000000008a500000, 0x000000008a500000| Complete 
| 126|0x000000008a600000, 0x000000008a700000, 0x000000008a700000|100%| E|CS|TAMS 0x000000008a600000, 0x000000008a600000| Complete 
| 127|0x000000008a700000, 0x000000008a800000, 0x000000008a800000|100%| E|CS|TAMS 0x000000008a700000, 0x000000008a700000| Complete 
| 128|0x000000008a800000, 0x000000008a900000, 0x000000008a900000|100%| E|CS|TAMS 0x000000008a800000, 0x000000008a800000| Complete 
| 129|0x000000008a900000, 0x000000008aa00000, 0x000000008aa00000|100%| E|CS|TAMS 0x000000008a900000, 0x000000008a900000| Complete 
| 130|0x000000008aa00000, 0x000000008ab00000, 0x000000008ab00000|100%| E|CS|TAMS 0x000000008aa00000, 0x000000008aa00000| Complete 
| 131|0x000000008ab00000, 0x000000008ac00000, 0x000000008ac00000|100%| E|CS|TAMS 0x000000008ab00000, 0x000000008ab00000| Complete 
| 132|0x000000008ac00000, 0x000000008ad00000, 0x000000008ad00000|100%| E|CS|TAMS 0x000000008ac00000, 0x000000008ac00000| Complete 
| 133|0x000000008ad00000, 0x000000008ae00000, 0x000000008ae00000|100%| E|CS|TAMS 0x000000008ad00000, 0x000000008ad00000| Complete 
| 134|0x000000008ae00000, 0x000000008af00000, 0x000000008af00000|100%| E|CS|TAMS 0x000000008ae00000, 0x000000008ae00000| Complete 
| 135|0x000000008af00000, 0x000000008b000000, 0x000000008b000000|100%| E|CS|TAMS 0x000000008af00000, 0x000000008af00000| Complete 
| 136|0x000000008b000000, 0x000000008b100000, 0x000000008b100000|100%| E|CS|TAMS 0x000000008b000000, 0x000000008b000000| Complete 
| 137|0x000000008b100000, 0x000000008b200000, 0x000000008b200000|100%| E|CS|TAMS 0x000000008b100000, 0x000000008b100000| Complete 
| 138|0x000000008b200000, 0x000000008b300000, 0x000000008b300000|100%| E|CS|TAMS 0x000000008b200000, 0x000000008b200000| Complete 
| 139|0x000000008b300000, 0x000000008b400000, 0x000000008b400000|100%| E|CS|TAMS 0x000000008b300000, 0x000000008b300000| Complete 
| 140|0x000000008b400000, 0x000000008b500000, 0x000000008b500000|100%| E|CS|TAMS 0x000000008b400000, 0x000000008b400000| Complete 
| 141|0x000000008b500000, 0x000000008b600000, 0x000000008b600000|100%| E|CS|TAMS 0x000000008b500000, 0x000000008b500000| Complete 
| 142|0x000000008b600000, 0x000000008b700000, 0x000000008b700000|100%| E|CS|TAMS 0x000000008b600000, 0x000000008b600000| Complete 
| 143|0x000000008b700000, 0x000000008b800000, 0x000000008b800000|100%| E|CS|TAMS 0x000000008b700000, 0x000000008b700000| Complete 
| 144|0x000000008b800000, 0x000000008b900000, 0x000000008b900000|100%| E|CS|TAMS 0x000000008b800000, 0x000000008b800000| Complete 
| 145|0x000000008b900000, 0x000000008ba00000, 0x000000008ba00000|100%| E|CS|TAMS 0x000000008b900000, 0x000000008b900000| Complete 
| 146|0x000000008ba00000, 0x000000008bb00000, 0x000000008bb00000|100%| E|CS|TAMS 0x000000008ba00000, 0x000000008ba00000| Complete 
| 147|0x000000008bb00000, 0x000000008bc00000, 0x000000008bc00000|100%| E|CS|TAMS 0x000000008bb00000, 0x000000008bb00000| Complete 
| 148|0x000000008bc00000, 0x000000008bd00000, 0x000000008bd00000|100%| E|CS|TAMS 0x000000008bc00000, 0x000000008bc00000| Complete 
| 149|0x000000008bd00000, 0x000000008be00000, 0x000000008be00000|100%| E|CS|TAMS 0x000000008bd00000, 0x000000008bd00000| Complete 
| 150|0x000000008be00000, 0x000000008bf00000, 0x000000008bf00000|100%| E|CS|TAMS 0x000000008be00000, 0x000000008be00000| Complete 
| 151|0x000000008bf00000, 0x000000008c000000, 0x000000008c000000|100%| E|CS|TAMS 0x000000008bf00000, 0x000000008bf00000| Complete 
| 152|0x000000008c000000, 0x000000008c100000, 0x000000008c100000|100%| E|CS|TAMS 0x000000008c000000, 0x000000008c000000| Complete 
| 153|0x000000008c100000, 0x000000008c200000, 0x000000008c200000|100%| E|CS|TAMS 0x000000008c100000, 0x000000008c100000| Complete 
| 154|0x000000008c200000, 0x000000008c300000, 0x000000008c300000|100%| E|CS|TAMS 0x000000008c200000, 0x000000008c200000| Complete 
| 155|0x000000008c300000, 0x000000008c400000, 0x000000008c400000|100%| E|CS|TAMS 0x000000008c300000, 0x000000008c300000| Complete 
| 156|0x000000008c400000, 0x000000008c500000, 0x000000008c500000|100%| E|CS|TAMS 0x000000008c400000, 0x000000008c400000| Complete 
| 157|0x000000008c500000, 0x000000008c600000, 0x000000008c600000|100%| E|CS|TAMS 0x000000008c500000, 0x000000008c500000| Complete 
| 158|0x000000008c600000, 0x000000008c700000, 0x000000008c700000|100%| E|CS|TAMS 0x000000008c600000, 0x000000008c600000| Complete 
| 159|0x000000008c700000, 0x000000008c800000, 0x000000008c800000|100%| E|CS|TAMS 0x000000008c700000, 0x000000008c700000| Complete 
| 160|0x000000008c800000, 0x000000008c900000, 0x000000008c900000|100%| E|CS|TAMS 0x000000008c800000, 0x000000008c800000| Complete 
| 161|0x000000008c900000, 0x000000008ca00000, 0x000000008ca00000|100%| E|CS|TAMS 0x000000008c900000, 0x000000008c900000| Complete 
| 162|0x000000008ca00000, 0x000000008cb00000, 0x000000008cb00000|100%| E|CS|TAMS 0x000000008ca00000, 0x000000008ca00000| Complete 
| 163|0x000000008cb00000, 0x000000008cc00000, 0x000000008cc00000|100%| E|CS|TAMS 0x000000008cb00000, 0x000000008cb00000| Complete 
| 164|0x000000008cc00000, 0x000000008cd00000, 0x000000008cd00000|100%| E|CS|TAMS 0x000000008cc00000, 0x000000008cc00000| Complete 
| 165|0x000000008cd00000, 0x000000008ce00000, 0x000000008ce00000|100%| E|CS|TAMS 0x000000008cd00000, 0x000000008cd00000| Complete 
| 166|0x000000008ce00000, 0x000000008cf00000, 0x000000008cf00000|100%| E|CS|TAMS 0x000000008ce00000, 0x000000008ce00000| Complete 
| 167|0x000000008cf00000, 0x000000008d000000, 0x000000008d000000|100%| E|CS|TAMS 0x000000008cf00000, 0x000000008cf00000| Complete 
| 168|0x000000008d000000, 0x000000008d100000, 0x000000008d100000|100%| E|CS|TAMS 0x000000008d000000, 0x000000008d000000| Complete 
| 169|0x000000008d100000, 0x000000008d200000, 0x000000008d200000|100%| E|CS|TAMS 0x000000008d100000, 0x000000008d100000| Complete 

Card table byte_map: [0x00000205f7750000,0x00000205f7b40000] _byte_map_base: 0x00000205f733c000

Marking Bits (Prev, Next): (CMBitMap*) 0x00000205e458b6c0, (CMBitMap*) 0x00000205e458b688
 Prev Bits: [0x00000205f9e90000, 0x00000205fbdf0000)
 Next Bits: [0x00000205f7f30000, 0x00000205f9e90000)

Polling page: 0x00000205e2530000

Metaspace:

Usage:
  Non-class:     60.31 MB capacity,    59.90 MB (>99%) used,   303.02 KB ( <1%) free+waste,   110.94 KB ( <1%) overhead. 
      Class:      8.14 MB capacity,     7.83 MB ( 96%) used,   263.57 KB (  3%) free+waste,    48.63 KB ( <1%) overhead. 
       Both:     68.44 MB capacity,    67.74 MB ( 99%) used,   566.59 KB ( <1%) free+waste,   159.56 KB ( <1%) overhead. 

Virtual space:
  Non-class space:       62.00 MB reserved,      60.33 MB ( 97%) committed 
      Class space:        1.00 GB reserved,       8.25 MB ( <1%) committed 
             Both:        1.06 GB reserved,      68.58 MB (  6%) committed 

Chunk freelists:
   Non-Class:  23.00 KB
       Class:  18.00 KB
        Both:  41.00 KB

MaxMetaspaceSize: 17179869184.00 GB
CompressedClassSpaceSize: 1.00 GB

CodeHeap 'non-profiled nmethods': size=120000Kb used=2806Kb max_used=2806Kb free=117194Kb
 bounds [0x00000205efb00000, 0x00000205efdc0000, 0x00000205f7030000]
CodeHeap 'profiled nmethods': size=120000Kb used=15808Kb max_used=15808Kb free=104191Kb
 bounds [0x00000205e85d0000, 0x00000205e9550000, 0x00000205efb00000]
CodeHeap 'non-nmethods': size=5760Kb used=1261Kb max_used=1310Kb free=4498Kb
 bounds [0x00000205e8030000, 0x00000205e82a0000, 0x00000205e85d0000]
 total_blobs=7435 nmethods=6793 adapters=552
 compilation: enabled
              stopped_count=0, restarted_count=0
 full_count=0

Compilation events (20 events):
Event: 7.090 Thread 0x00000205ff372800 nmethod 6827 0x00000205efdbb510 code [0x00000205efdbb6c0, 0x00000205efdbb8c8]
Event: 7.090 Thread 0x00000205ff372800 6814       4       java.util.ArrayList::newCapacity (65 bytes)
Event: 7.090 Thread 0x00000205ff1be800 nmethod 6829 0x00000205e950c990 code [0x00000205e950cd20, 0x00000205e950e338]
Event: 7.090 Thread 0x00000205ff1be800 6830       3       org.jetbrains.kotlin.types.AbstractTypeApproximator::isSpecial (18 bytes)
Event: 7.091 Thread 0x00000205ff1be800 nmethod 6830 0x00000205e950ea10 code [0x00000205e950ec40, 0x00000205e950f2a8]
Event: 7.091 Thread 0x00000205ff1be800 6831       3       org.jetbrains.kotlin.types.AbstractTypeApproximator::approximateTo (347 bytes)
Event: 7.091 Thread 0x00000205ff372800 nmethod 6814 0x00000205efdbbb10 code [0x00000205efdbbca0, 0x00000205efdbbd78]
Event: 7.091 Thread 0x00000205ff372800 6819       4       org.jetbrains.kotlin.types.TypeProjectionImpl::getType (13 bytes)
Event: 7.091 Thread 0x00000205ff372800 nmethod 6819 0x00000205efdbbe90 code [0x00000205efdbc020, 0x00000205efdbc098]
Event: 7.091 Thread 0x00000205ff372800 6737       4       kotlin.collections.EmptyMap::get (6 bytes)
Event: 7.092 Thread 0x00000205ff372800 nmethod 6737 0x00000205efdbc110 code [0x00000205efdbc2a0, 0x00000205efdbc2f8]
Event: 7.092 Thread 0x00000205ff372800 6711       4       org.jetbrains.kotlin.descriptors.impl.ModuleDescriptorImpl::getCapability (24 bytes)
Event: 7.093 Thread 0x00000205ff372800 nmethod 6711 0x00000205efdbc390 code [0x00000205efdbc520, 0x00000205efdbc5d8]
Event: 7.093 Thread 0x00000205ff372800 6795       4       org.jetbrains.kotlin.descriptors.impl.SimpleFunctionDescriptorImpl::getOriginal (5 bytes)
Event: 7.096 Thread 0x00000205ff372800 nmethod 6795 0x00000205efdbc710 code [0x00000205efdbc8e0, 0x00000205efdbcac8]
Event: 7.096 Thread 0x00000205ff372800 6839       4       org.jetbrains.kotlin.backend.common.serialization.signature.IdSignatureDescriptor$DescriptorBasedSignatureBuilder::collectParents (45 bytes)
Event: 7.100 Thread 0x00000205ff1be800 nmethod 6831 0x00000205e950f510 code [0x00000205e9510020, 0x00000205e9517368]
Event: 7.100 Thread 0x00000205ff1be800 6835       3       org.jetbrains.kotlin.backend.common.serialization.CityHashKt::cityHash64 (725 bytes)
Event: 7.106 Thread 0x00000205ff372800 nmethod 6839 0x00000205efdbcc90 code [0x00000205efdbce60, 0x00000205efdbd438]
Event: 7.106 Thread 0x00000205ff372800 6856       4       org.jetbrains.kotlin.backend.common.serialization.mangle.descriptor.DescriptorMangleComputer::mangleType (553 bytes)

GC Heap History (14 events):
Event: 0.554 GC heap before
{Heap before GC invocations=0 (full 0):
 garbage-first heap   total 129024K, used 27648K [0x0000000082800000, 0x0000000100000000)
  region size 1024K, 24 young (24576K), 0 survivors (0K)
 Metaspace       used 12336K, capacity 12501K, committed 12800K, reserved 1060864K
  class space    used 1163K, capacity 1206K, committed 1280K, reserved 1048576K
}
Event: 0.558 GC heap after
{Heap after GC invocations=1 (full 0):
 garbage-first heap   total 129024K, used 5789K [0x0000000082800000, 0x0000000100000000)
  region size 1024K, 3 young (3072K), 3 survivors (3072K)
 Metaspace       used 12336K, capacity 12501K, committed 12800K, reserved 1060864K
  class space    used 1163K, capacity 1206K, committed 1280K, reserved 1048576K
}
Event: 1.279 GC heap before
{Heap before GC invocations=1 (full 0):
 garbage-first heap   total 129024K, used 40605K [0x0000000082800000, 0x0000000100000000)
  region size 1024K, 38 young (38912K), 3 survivors (3072K)
 Metaspace       used 20886K, capacity 21087K, committed 21296K, reserved 1069056K
  class space    used 2217K, capacity 2312K, committed 2432K, reserved 1048576K
}
Event: 1.295 GC heap after
{Heap after GC invocations=2 (full 0):
 garbage-first heap   total 129024K, used 9095K [0x0000000082800000, 0x0000000100000000)
  region size 1024K, 6 young (6144K), 6 survivors (6144K)
 Metaspace       used 20886K, capacity 21087K, committed 21296K, reserved 1069056K
  class space    used 2217K, capacity 2312K, committed 2432K, reserved 1048576K
}
Event: 2.243 GC heap before
{Heap before GC invocations=3 (full 0):
 garbage-first heap   total 129024K, used 62343K [0x0000000082800000, 0x0000000100000000)
  region size 1024K, 53 young (54272K), 6 survivors (6144K)
 Metaspace       used 32479K, capacity 32912K, committed 33200K, reserved 1079296K
  class space    used 4078K, capacity 4245K, committed 4352K, reserved 1048576K
}
Event: 2.267 GC heap after
{Heap after GC invocations=4 (full 0):
 garbage-first heap   total 129024K, used 20023K [0x0000000082800000, 0x0000000100000000)
  region size 1024K, 7 young (7168K), 7 survivors (7168K)
 Metaspace       used 32479K, capacity 32912K, committed 33200K, reserved 1079296K
  class space    used 4078K, capacity 4245K, committed 4352K, reserved 1048576K
}
Event: 2.532 GC heap before
{Heap before GC invocations=4 (full 0):
 garbage-first heap   total 129024K, used 34359K [0x0000000082800000, 0x0000000100000000)
  region size 1024K, 22 young (22528K), 7 survivors (7168K)
 Metaspace       used 35375K, capacity 35826K, committed 35920K, reserved 1081344K
  class space    used 4385K, capacity 4575K, committed 4608K, reserved 1048576K
}
Event: 2.558 GC heap after
{Heap after GC invocations=5 (full 0):
 garbage-first heap   total 129024K, used 22204K [0x0000000082800000, 0x0000000100000000)
  region size 1024K, 2 young (2048K), 2 survivors (2048K)
 Metaspace       used 35375K, capacity 35826K, committed 35920K, reserved 1081344K
  class space    used 4385K, capacity 4575K, committed 4608K, reserved 1048576K
}
Event: 3.413 GC heap before
{Heap before GC invocations=6 (full 0):
 garbage-first heap   total 129024K, used 68284K [0x0000000082800000, 0x0000000100000000)
  region size 1024K, 47 young (48128K), 2 survivors (2048K)
 Metaspace       used 45755K, capacity 46307K, committed 46544K, reserved 1089536K
  class space    used 5510K, capacity 5720K, committed 5760K, reserved 1048576K
}
Event: 3.429 GC heap after
{Heap after GC invocations=7 (full 0):
 garbage-first heap   total 174080K, used 25454K [0x0000000082800000, 0x0000000100000000)
  region size 1024K, 6 young (6144K), 6 survivors (6144K)
 Metaspace       used 45755K, capacity 46307K, committed 46544K, reserved 1089536K
  class space    used 5510K, capacity 5720K, committed 5760K, reserved 1048576K
}
Event: 4.409 GC heap before
{Heap before GC invocations=8 (full 0):
 garbage-first heap   total 174080K, used 86894K [0x0000000082800000, 0x0000000100000000)
  region size 1024K, 65 young (66560K), 6 survivors (6144K)
 Metaspace       used 51638K, capacity 52224K, committed 52560K, reserved 1095680K
  class space    used 6048K, capacity 6282K, committed 6400K, reserved 1048576K
}
Event: 4.428 GC heap after
{Heap after GC invocations=9 (full 0):
 garbage-first heap   total 174080K, used 31958K [0x0000000082800000, 0x0000000100000000)
  region size 1024K, 9 young (9216K), 9 survivors (9216K)
 Metaspace       used 51638K, capacity 52224K, committed 52560K, reserved 1095680K
  class space    used 6048K, capacity 6282K, committed 6400K, reserved 1048576K
}
Event: 5.948 GC heap before
{Heap before GC invocations=9 (full 0):
 garbage-first heap   total 174080K, used 108758K [0x0000000082800000, 0x0000000100000000)
  region size 1024K, 84 young (86016K), 9 survivors (9216K)
 Metaspace       used 61375K, capacity 62109K, committed 62160K, reserved 1103872K
  class space    used 7227K, capacity 7531K, committed 7552K, reserved 1048576K
}
Event: 5.979 GC heap after
{Heap after GC invocations=10 (full 0):
 garbage-first heap   total 174080K, used 41289K [0x0000000082800000, 0x0000000100000000)
  region size 1024K, 9 young (9216K), 9 survivors (9216K)
 Metaspace       used 61375K, capacity 62109K, committed 62160K, reserved 1103872K
  class space    used 7227K, capacity 7531K, committed 7552K, reserved 1048576K
}

Deoptimization events (20 events):
Event: 6.940 Thread 0x00000205e454b000 Uncommon trap: trap_request=0xffffff6e fr.pc=0x00000205efda20c4 relative=0x0000000000000ee4
Event: 6.940 Thread 0x00000205e454b000 Uncommon trap: reason=speculate_class_check action=maybe_recompile pc=0x00000205efda20c4 method=org.jetbrains.kotlin.ir.visitors.IrElementTransformerVoid.visitValueParameter(Lorg/jetbrains/kotlin/ir/declarations/IrValueParameter;Ljava/lang/Void;)Lorg/jetb
Event: 6.940 Thread 0x00000205e454b000 DEOPT PACKING pc=0x00000205efda20c4 sp=0x0000003a4dcfdd30
Event: 6.940 Thread 0x00000205e454b000 DEOPT UNPACKING pc=0x00000205e80578af sp=0x0000003a4dcfdb10 mode 2
Event: 6.940 Thread 0x00000205e454b000 Uncommon trap: trap_request=0xffffff6e fr.pc=0x00000205efda20c4 relative=0x0000000000000ee4
Event: 6.940 Thread 0x00000205e454b000 Uncommon trap: reason=speculate_class_check action=maybe_recompile pc=0x00000205efda20c4 method=org.jetbrains.kotlin.ir.visitors.IrElementTransformerVoid.visitValueParameter(Lorg/jetbrains/kotlin/ir/declarations/IrValueParameter;Ljava/lang/Void;)Lorg/jetb
Event: 6.940 Thread 0x00000205e454b000 DEOPT PACKING pc=0x00000205efda20c4 sp=0x0000003a4dcfdd30
Event: 6.940 Thread 0x00000205e454b000 DEOPT UNPACKING pc=0x00000205e80578af sp=0x0000003a4dcfdb10 mode 2
Event: 6.940 Thread 0x00000205e454b000 Uncommon trap: trap_request=0xffffff6e fr.pc=0x00000205efda20c4 relative=0x0000000000000ee4
Event: 6.940 Thread 0x00000205e454b000 Uncommon trap: reason=speculate_class_check action=maybe_recompile pc=0x00000205efda20c4 method=org.jetbrains.kotlin.ir.visitors.IrElementTransformerVoid.visitValueParameter(Lorg/jetbrains/kotlin/ir/declarations/IrValueParameter;Ljava/lang/Void;)Lorg/jetb
Event: 6.940 Thread 0x00000205e454b000 DEOPT PACKING pc=0x00000205efda20c4 sp=0x0000003a4dcfdd30
Event: 6.940 Thread 0x00000205e454b000 DEOPT UNPACKING pc=0x00000205e80578af sp=0x0000003a4dcfdb10 mode 2
Event: 6.940 Thread 0x00000205e454b000 Uncommon trap: trap_request=0xffffff6e fr.pc=0x00000205efda20c4 relative=0x0000000000000ee4
Event: 6.940 Thread 0x00000205e454b000 Uncommon trap: reason=speculate_class_check action=maybe_recompile pc=0x00000205efda20c4 method=org.jetbrains.kotlin.ir.visitors.IrElementTransformerVoid.visitValueParameter(Lorg/jetbrains/kotlin/ir/declarations/IrValueParameter;Ljava/lang/Void;)Lorg/jetb
Event: 6.940 Thread 0x00000205e454b000 DEOPT PACKING pc=0x00000205efda20c4 sp=0x0000003a4dcfdd30
Event: 6.940 Thread 0x00000205e454b000 DEOPT UNPACKING pc=0x00000205e80578af sp=0x0000003a4dcfdb10 mode 2
Event: 7.086 Thread 0x00000205e454b000 Uncommon trap: trap_request=0xfffffff4 fr.pc=0x00000205efdba310 relative=0x00000000000001d0
Event: 7.086 Thread 0x00000205e454b000 Uncommon trap: reason=null_check action=make_not_entrant pc=0x00000205efdba310 method=org.jetbrains.kotlin.backend.common.serialization.mangle.descriptor.DescriptorMangleComputer.visitPackageFragmentDescriptor(Lorg/jetbrains/kotlin/descriptors/PackageFrag
Event: 7.086 Thread 0x00000205e454b000 DEOPT PACKING pc=0x00000205efdba310 sp=0x0000003a4dcfcca0
Event: 7.086 Thread 0x00000205e454b000 DEOPT UNPACKING pc=0x00000205e80578af sp=0x0000003a4dcfcbd8 mode 2

Classes redefined (0 events):
No events

Internal exceptions (20 events):
Event: 4.991 Thread 0x00000205e454b000 Implicit null exception at 0x00000205efc5a870 to 0x00000205efc5a930
Event: 4.999 Thread 0x00000205e454b000 Exception <a 'java/lang/NoSuchMethodError'{0x000000008b1425b8}: 'java.lang.Object java.lang.invoke.DirectMethodHandle$Holder.invokeInterface(java.lang.Object, java.lang.Object, int)'> (0x000000008b1425b8) thrown at [./src/hotspot/share/interpreter/linkResolver.cpp, line 773]
Event: 5.004 Thread 0x00000205e454b000 Exception <a 'java/lang/NoSuchMethodError'{0x000000008b154360}: 'java.lang.Object java.lang.invoke.DirectMethodHandle$Holder.invokeSpecial(java.lang.Object, java.lang.Object, java.lang.Object, java.lang.Object, java.lang.Object, int)'> (0x000000008b154360) thrown at [./src/hotspot/share/interpreter/linkResolver.cpp, line 773]
Event: 5.005 Thread 0x00000205e454b000 Exception <a 'java/lang/NoSuchMethodError'{0x000000008b15bcc0}: 'java.lang.Object java.lang.invoke.DirectMethodHandle$Holder.invokeStatic(java.lang.Object, java.lang.Object, java.lang.Object, java.lang.Object, java.lang.Object, int)'> (0x000000008b15bcc0) thrown at [./src/hotspot/share/interpreter/linkResolver.cpp, line 773]
Event: 5.005 Thread 0x00000205e454b000 Exception <a 'java/lang/NoSuchMethodError'{0x000000008b15f898}: 'java.lang.Object java.lang.invoke.DirectMethodHandle$Holder.invokeSpecial(java.lang.Object, java.lang.Object, java.lang.Object, java.lang.Object, java.lang.Object, java.lang.Object, int)'> (0x000000008b15f898) thrown at [./src/hotspot/share/interpreter/linkResolver.cpp, line 773]
Event: 5.098 Thread 0x00000205e454b000 Implicit null exception at 0x00000205efb5bdde to 0x00000205efb5c54a
Event: 5.098 Thread 0x00000205e454b000 Implicit null exception at 0x00000205efbe07af to 0x00000205efbe081d
Event: 5.120 Thread 0x00000205e454b000 Exception <a 'java/lang/NoSuchMethodError'{0x000000008ac9d6e0}: 'java.lang.Object java.lang.invoke.Invokers$Holder.linkToTargetMethod(java.lang.Object, java.lang.Object, java.lang.Object, java.lang.Object, java.lang.Object, java.lang.Object)'> (0x000000008ac9d6e0) thrown at [./src/hotspot/share/interpreter/linkResolver.cpp, line 773]
Event: 5.340 Thread 0x00000205e454b000 Implicit null exception at 0x00000205efc57ecc to 0x00000205efc57fa8
Event: 5.357 Thread 0x00000205e454b000 Exception <a 'java/lang/NoSuchMethodError'{0x0000000089db8528}: 'int java.lang.invoke.DirectMethodHandle$Holder.invokeVirtual(java.lang.Object, java.lang.Object, java.lang.Object)'> (0x0000000089db8528) thrown at [./src/hotspot/share/interpreter/linkResolver.cpp, line 773]
Event: 5.471 Thread 0x00000205e454b000 Exception <a 'java/lang/NoSuchMethodError'{0x0000000089903ca0}: 'java.lang.Object java.lang.invoke.Invokers$Holder.linkToTargetMethod(java.lang.Object, java.lang.Object, java.lang.Object, int, java.lang.Object)'> (0x0000000089903ca0) thrown at [./src/hotspot/share/interpreter/linkResolver.cpp, line 773]
Event: 5.523 Thread 0x00000205e454b000 Exception <a 'java/lang/NoSuchMethodError'{0x00000000898be128}: 'void java.lang.invoke.DirectMethodHandle$Holder.invokeInterface(java.lang.Object, java.lang.Object)'> (0x00000000898be128) thrown at [./src/hotspot/share/interpreter/linkResolver.cpp, line 773]
Event: 5.596 Thread 0x00000205e454b000 Exception <a 'java/lang/IncompatibleClassChangeError'{0x0000000088dada80}: Found class java.lang.Object, but interface was expected> (0x0000000088dada80) thrown at [./src/hotspot/share/interpreter/linkResolver.cpp, line 839]
Event: 5.706 Thread 0x00000205e454b000 Exception <a 'java/lang/NoSuchMethodError'{0x00000000889dd4f8}: 'java.lang.Object java.lang.invoke.DirectMethodHandle$Holder.invokeInterface(java.lang.Object, java.lang.Object, java.lang.Object)'> (0x00000000889dd4f8) thrown at [./src/hotspot/share/interpreter/linkResolver.cpp, line 773]
Event: 5.706 Thread 0x00000205e454b000 Exception <a 'java/lang/IncompatibleClassChangeError'{0x00000000889e0728}: Found class java.lang.Object, but interface was expected> (0x00000000889e0728) thrown at [./src/hotspot/share/interpreter/linkResolver.cpp, line 839]
Event: 5.762 Thread 0x00000205e454b000 Implicit null exception at 0x00000205efb57c75 to 0x00000205efb57e3c
Event: 5.780 Thread 0x00000205e454b000 Implicit null exception at 0x00000205efc8c533 to 0x00000205efc8c8f8
Event: 6.108 Thread 0x00000205e454b000 Exception <a 'java/lang/NoSuchMethodError'{0x000000008c97de68}: 'int java.lang.invoke.DirectMethodHandle$Holder.invokeStaticInit(java.lang.Object, java.lang.Object, java.lang.Object, java.lang.Object)'> (0x000000008c97de68) thrown at [./src/hotspot/share/interpreter/linkResolver.cpp, line 773]
Event: 6.939 Thread 0x00000205e454b000 Implicit null exception at 0x00000205efda5972 to 0x00000205efda5a1d
Event: 7.086 Thread 0x00000205e454b000 Implicit null exception at 0x00000205efdba229 to 0x00000205efdba2fd

Events (20 events):
Event: 6.979 loading class org/jetbrains/kotlin/ir/util/NullDescriptorsRemapper
Event: 6.979 loading class org/jetbrains/kotlin/ir/util/NullDescriptorsRemapper done
Event: 6.980 loading class org/jetbrains/kotlin/ir/util/DescriptorsRemapper
Event: 6.980 loading class org/jetbrains/kotlin/ir/util/DescriptorsRemapper done
Event: 6.980 loading class org/jetbrains/kotlin/ir/util/DeepCopyTypeRemapper
Event: 6.980 loading class org/jetbrains/kotlin/ir/util/DeepCopyTypeRemapper done
Event: 6.981 loading class org/jetbrains/kotlin/ir/util/TypeRemapper
Event: 6.981 loading class org/jetbrains/kotlin/ir/util/TypeRemapper done
Event: 6.981 loading class org/jetbrains/kotlin/ir/util/DeepCopyIrTreeWithSymbols
Event: 6.981 loading class org/jetbrains/kotlin/ir/util/DeepCopyIrTreeWithSymbols done
Event: 6.984 Executing VM operation: Deoptimize
Event: 6.985 Executing VM operation: Deoptimize done
Event: 6.988 loading class org/jetbrains/kotlin/ir/util/SymbolRenamer$DEFAULT
Event: 6.988 loading class org/jetbrains/kotlin/ir/util/SymbolRenamer$DEFAULT done
Event: 6.988 loading class org/jetbrains/kotlin/ir/util/SymbolRenamer
Event: 6.988 loading class org/jetbrains/kotlin/ir/util/SymbolRenamer done
Event: 6.988 loading class org/jetbrains/kotlin/ir/declarations/IrAttributeContainerKt
Event: 6.988 loading class org/jetbrains/kotlin/ir/declarations/IrAttributeContainerKt done
Event: 7.063 loading class org/jetbrains/kotlin/ir/declarations/lazy/IrLazyFunction$typeParameters$2$1
Event: 7.063 loading class org/jetbrains/kotlin/ir/declarations/lazy/IrLazyFunction$typeParameters$2$1 done


Dynamic libraries:
0x00007ff7ac220000 - 0x00007ff7ac22a000 	C:\Program Files\Android\Android Studio\jre\bin\java.exe
0x00007ffba82a0000 - 0x00007ffba8490000 	C:\Windows\SYSTEM32\ntdll.dll
0x00007ffba6df0000 - 0x00007ffba6ea2000 	C:\Windows\System32\KERNEL32.DLL
0x00007ffba52b0000 - 0x00007ffba5553000 	C:\Windows\System32\KERNELBASE.dll
0x00007ffba60b0000 - 0x00007ffba61aa000 	C:\Windows\System32\ucrtbase.dll
0x00007ffb9d7e0000 - 0x00007ffb9d7f9000 	C:\Program Files\Android\Android Studio\jre\bin\jli.dll
0x00007ffb98c10000 - 0x00007ffb98c27000 	C:\Program Files\Android\Android Studio\jre\bin\VCRUNTIME140.dll
0x00007ffba7ee0000 - 0x00007ffba8074000 	C:\Windows\System32\USER32.dll
0x00007ffba6300000 - 0x00007ffba6321000 	C:\Windows\System32\win32u.dll
0x00007ffb96c60000 - 0x00007ffb96ee5000 	C:\Windows\WinSxS\amd64_microsoft.windows.common-controls_6595b64144ccf1df_6.0.18362.449_none_e6c7b265130c70a7\COMCTL32.dll
0x00007ffba6f10000 - 0x00007ffba6f36000 	C:\Windows\System32\GDI32.dll
0x00007ffba6ff0000 - 0x00007ffba708e000 	C:\Windows\System32\msvcrt.dll
0x00007ffba5560000 - 0x00007ffba56f4000 	C:\Windows\System32\gdi32full.dll
0x00007ffba6260000 - 0x00007ffba62fe000 	C:\Windows\System32\msvcp_win.dll
0x00007ffba7820000 - 0x00007ffba7b56000 	C:\Windows\System32\combase.dll
0x00007ffba7d60000 - 0x00007ffba7e80000 	C:\Windows\System32\RPCRT4.dll
0x00007ffba5230000 - 0x00007ffba52b0000 	C:\Windows\System32\bcryptPrimitives.dll
0x00007ffba6dc0000 - 0x00007ffba6dee000 	C:\Windows\System32\IMM32.DLL
0x00007ffb87280000 - 0x00007ffb8731d000 	C:\Program Files\Android\Android Studio\jre\bin\msvcp140.dll
0x00007ffb4fd40000 - 0x00007ffb5080f000 	C:\Program Files\Android\Android Studio\jre\bin\server\jvm.dll
0x00007ffba6350000 - 0x00007ffba63f3000 	C:\Windows\System32\ADVAPI32.dll
0x00007ffba8080000 - 0x00007ffba8117000 	C:\Windows\System32\sechost.dll
0x00007ffba7b60000 - 0x00007ffba7b68000 	C:\Windows\System32\PSAPI.DLL
0x00007ffb9e8d0000 - 0x00007ffb9e8d9000 	C:\Windows\SYSTEM32\WSOCK32.dll
0x00007ffba3110000 - 0x00007ffba3134000 	C:\Windows\SYSTEM32\WINMM.dll
0x00007ffba76c0000 - 0x00007ffba772f000 	C:\Windows\System32\WS2_32.dll
0x00007ffba1a10000 - 0x00007ffba1a3d000 	C:\Windows\SYSTEM32\winmmbase.dll
0x00007ffb9e2b0000 - 0x00007ffb9e2ba000 	C:\Windows\SYSTEM32\VERSION.dll
0x00007ffba58e0000 - 0x00007ffba592a000 	C:\Windows\System32\cfgmgr32.dll
0x00007ffba51a0000 - 0x00007ffba51b1000 	C:\Windows\System32\kernel.appcore.dll
0x00007ffb9ccc0000 - 0x00007ffb9ccd1000 	C:\Program Files\Android\Android Studio\jre\bin\verify.dll
0x00007ffba15a0000 - 0x00007ffba1794000 	C:\Windows\SYSTEM32\DBGHELP.DLL
0x00007ffb9d640000 - 0x00007ffb9d66a000 	C:\Windows\SYSTEM32\dbgcore.DLL
0x00007ffb91c40000 - 0x00007ffb91c69000 	C:\Program Files\Android\Android Studio\jre\bin\java.dll
0x00007ffb9f230000 - 0x00007ffb9f23b000 	C:\Program Files\Android\Android Studio\jre\bin\jimage.dll
0x00007ffb98c30000 - 0x00007ffb98c48000 	C:\Program Files\Android\Android Studio\jre\bin\zip.dll
0x00007ffba6600000 - 0x00007ffba6ce5000 	C:\Windows\System32\SHELL32.dll
0x00007ffba6f40000 - 0x00007ffba6fe9000 	C:\Windows\System32\shcore.dll
0x00007ffba5930000 - 0x00007ffba60ae000 	C:\Windows\System32\windows.storage.dll
0x00007ffba51c0000 - 0x00007ffba51df000 	C:\Windows\System32\profapi.dll
0x00007ffba51e0000 - 0x00007ffba522a000 	C:\Windows\System32\powrprof.dll
0x00007ffba5170000 - 0x00007ffba5180000 	C:\Windows\System32\UMPDC.dll
0x00007ffba6eb0000 - 0x00007ffba6f02000 	C:\Windows\System32\shlwapi.dll
0x00007ffba6330000 - 0x00007ffba6347000 	C:\Windows\System32\cryptsp.dll
0x00007ffb98ae0000 - 0x00007ffb98afa000 	C:\Program Files\Android\Android Studio\jre\bin\net.dll
0x00007ffb9fc80000 - 0x00007ffb9fd70000 	C:\Windows\SYSTEM32\WINHTTP.dll
0x00007ffba49e0000 - 0x00007ffba4a47000 	C:\Windows\system32\mswsock.dll
0x00007ffb96ef0000 - 0x00007ffb96f04000 	C:\Program Files\Android\Android Studio\jre\bin\nio.dll

dbghelp: loaded successfully - version: 4.0.5 - missing functions: none
symbol engine: initialized successfully - sym options: 0x614 - pdb path: .;C:\Program Files\Android\Android Studio\jre\bin;C:\Windows\SYSTEM32;C:\Windows\WinSxS\amd64_microsoft.windows.common-controls_6595b64144ccf1df_6.0.18362.449_none_e6c7b265130c70a7;C:\Program Files\Android\Android Studio\jre\bin\server

VM Arguments:
java_command: org.jetbrains.kotlin.cli.jvm.K2JVMCompiler @C:\Programming\Skillbox\Android\android_dev_1_2022\m2_layout\app\build\20220808_9272553096225040203.compiler.options
java_class_path (initial): C:\Users\Nick\.gradle\caches\modules-2\files-2.1\org.jetbrains.kotlin\kotlin-compiler-embeddable\1.6.0\aa8da3bedc53c89219b84a0b40c7419431a13e76\kotlin-compiler-embeddable-1.6.0.jar;C:\Users\Nick\.gradle\caches\modules-2\files-2.1\org.jetbrains.kotlin\kotlin-reflect\1.6.0\a215a7f914d5916dc5fd2d45cea16524e0220203\kotlin-reflect-1.6.0.jar;C:\Users\Nick\.gradle\caches\modules-2\files-2.1\org.jetbrains.kotlin\kotlin-stdlib\1.6.0\a40b8b22529b733892edf4b73468ce598bb17f04\kotlin-stdlib-1.6.0.jar;C:\Users\Nick\.gradle\caches\modules-2\files-2.1\org.jetbrains.kotlin\kotlin-script-runtime\1.6.0\55f72526ddcff6fc77d72cdf949c7e3d9bd95620\kotlin-script-runtime-1.6.0.jar;C:\Users\Nick\.gradle\caches\modules-2\files-2.1\org.jetbrains.kotlin\kotlin-daemon-embeddable\1.6.0\d6242b37f4ce6b637d10847c7558446272ec8432\kotlin-daemon-embeddable-1.6.0.jar;C:\Users\Nick\.gradle\caches\modules-2\files-2.1\org.jetbrains.intellij.deps\trove4j\1.0.20181211\216c2e14b070f334479d800987affe4054cd563f\trove4j-1.0.20181211.jar;C:\Users\Nick\.gradle\caches\modules-2\files-2.1\net.java.dev.jna\jna\5.6.0\330f2244e9030119ab3030fc3fededc86713d9cc\jna-5.6.0.jar;C:\Users\Nick\.gradle\caches\modules-2\files-2.1\org.jetbrains\annotations\13.0\919f0dfe192fb4e063e7dacadee7f8bb9a2672a9\annotations-13.0.jar;C:\Users\Nick\.gradle\caches\modules-2\files-2.1\org.jetbrains.kotlin\kotlin-stdlib-common\1.6.0\7857e365f925cfa060f941c1357cda1f8790502c\kotlin-stdlib-common-1.6.0.jar
Launcher Type: SUN_STANDARD

[Global flags]
     intx CICompilerCount                          = 4                                         {product} {ergonomic}
     uint ConcGCThreads                            = 2                                         {product} {ergonomic}
     uint G1ConcRefinementThreads                  = 8                                         {product} {ergonomic}
   size_t G1HeapRegionSize                         = 1048576                                   {product} {ergonomic}
    uintx GCDrainStackTargetSize                   = 64                                        {product} {ergonomic}
   size_t InitialHeapSize                          = 132120576                                 {product} {ergonomic}
   size_t MarkStackSize                            = 4194304                                   {product} {ergonomic}
   size_t MaxHeapSize                              = 2105540608                                {product} {ergonomic}
   size_t MaxNewSize                               = 1262485504                                {product} {ergonomic}
   size_t MinHeapDeltaBytes                        = 1048576                                   {product} {ergonomic}
    uintx NonNMethodCodeHeapSize                   = 5836300                                {pd product} {ergonomic}
    uintx NonProfiledCodeHeapSize                  = 122910970                              {pd product} {ergonomic}
    uintx ProfiledCodeHeapSize                     = 122910970                              {pd product} {ergonomic}
    uintx ReservedCodeCacheSize                    = 251658240                              {pd product} {ergonomic}
     bool SegmentedCodeCache                       = true                                      {product} {ergonomic}
     bool UseCompressedClassPointers               = true                                 {lp64_product} {ergonomic}
     bool UseCompressedOops                        = true                                 {lp64_product} {ergonomic}
     bool UseG1GC                                  = true                                      {product} {ergonomic}
     bool UseLargePagesIndividualAllocation        = false                                  {pd product} {ergonomic}

Logging:
Log output configuration:
 #0: stdout all=warning uptime,level,tags
 #1: stderr all=off uptime,level,tags

Environment Variables:
JAVA_HOME=C:\Program Files\Java\jdk-13.0.2
PATH=C:\Program Files (x86)\Common Files\Oracle\Java\javapath;C:\Windows\system32;C:\Windows;C:\Windows\System32\Wbem;C:\Windows\System32\WindowsPowerShell\v1.0\;C:\Windows\System32\OpenSSH\;C:\Program Files (x86)\NVIDIA Corporation\PhysX\Common;C:\Program Files\Java\jdk-13.0.2\bin;C:\Program Files\Git\cmd;C:\ProgramData\chocolatey\bin;C:\Users\Nick\AppData\Local\Microsoft\WindowsApps;C:\Users\Nick\AppData\Local\GitHubDesktop\bin
USERNAME=Nick
OS=Windows_NT
PROCESSOR_IDENTIFIER=Intel64 Family 6 Model 142 Stepping 12, GenuineIntel



---------------  S Y S T E M  ---------------

OS: Windows 10 , 64 bit Build 18362 (10.0.18362.329)
OS uptime: 18 days 2:57 hours

CPU:total 8 (initial active 8) (4 cores per cpu, 2 threads per core) family 6 model 142 stepping 12 microcode 0xc0, cmov, cx8, fxsr, mmx, sse, sse2, sse3, ssse3, sse4.1, sse4.2, popcnt, avx, avx2, aes, clmul, erms, 3dnowpref, lzcnt, ht, tsc, tscinvbit, bmi1, bmi2, adx, fma

Memory: 4k page, system-wide physical 8031M (472M free)
TotalPageFile size 11031M (AvailPageFile size 5M)
current process WorkingSet (physical memory assigned to process): 325M, peak: 325M
current process commit charge ("private bytes"): 397M, peak: 398M

vm_info: OpenJDK 64-Bit Server VM (11.0.10+0-b96-7249189) for windows-amd64 JRE (11.0.10+0-b96-7249189), built on Mar 31 2021 21:44:00 by "builder" with MS VC++ 14.0 (VS2015)

END.
